C:\USERS\LG\DOCUMENTS\GITHUB\3D-LECTURE\GAME\DEBUG\FRAMEWORK.LIB
C:\USERS\LG\DOCUMENTS\GITHUB\3D-LECTURE\GAME\FRAMEWORK\DEBUG\FRAMEWORK.PCH
C:\USERS\LG\DOCUMENTS\GITHUB\3D-LECTURE\GAME\FRAMEWORK\DEBUG\GAMEMAIN.OBJ
C:\USERS\LG\DOCUMENTS\GITHUB\3D-LECTURE\GAME\FRAMEWORK\DEBUG\STDAFX.OBJ
C:\USERS\LG\DOCUMENTS\GITHUB\3D-LECTURE\GAME\FRAMEWORK\DEBUG\UTILITY.OBJ
C:\USERS\LG\DOCUMENTS\GITHUB\3D-LECTURE\GAME\FRAMEWORK\DEBUG\VC100.PDB
C:\USERS\LG\DOCUMENTS\GITHUB\GAME\GAME\DEBUG\FRAMEWORK.LIB
C:\Users\LG\Documents\GitHub\Game\Game\Framework\Debug\cl.command.1.tlog
C:\Users\LG\Documents\GitHub\Game\Game\Framework\Debug\CL.read.1.tlog
C:\Users\LG\Documents\GitHub\Game\Game\Framework\Debug\CL.write.1.tlog
C:\USERS\LG\DOCUMENTS\GITHUB\GAME\GAME\FRAMEWORK\DEBUG\FRAMEWORK.PCH
C:\Users\LG\Documents\GitHub\Game\Game\Framework\Debug\Framework.vcxprojResolveAssemblyReference.cache
C:\Users\LG\Documents\GitHub\Game\Game\Framework\Debug\Framework.write.1.tlog
C:\USERS\LG\DOCUMENTS\GITHUB\GAME\GAME\FRAMEWORK\DEBUG\GAMEMAIN.OBJ
C:\Users\LG\Documents\GitHub\Game\Game\Framework\Debug\lib.command.1.tlog
C:\Users\LG\Documents\GitHub\Game\Game\Framework\Debug\Lib-link.read.1.tlog
C:\Users\LG\Documents\GitHub\Game\Game\Framework\Debug\Lib-link.write.1.tlog
C:\USERS\LG\DOCUMENTS\GITHUB\GAME\GAME\FRAMEWORK\DEBUG\STDAFX.OBJ
C:\USERS\LG\DOCUMENTS\GITHUB\GAME\GAME\FRAMEWORK\DEBUG\UTILITY.OBJ
C:\Users\LG\Documents\GitHub\Game\Game\Framework\Debug\vc100.idb
C:\USERS\LG\DOCUMENTS\GITHUB\GAME\GAME\FRAMEWORK\DEBUG\VC100.PDB
