빌드 시작: 2014-05-22 오후 4:39:14
     1>2 노드의 "C:\Users\LG\Documents\GitHub\GameSolution\Framework\Framework.vcxproj" 프로젝트(rebuild 대상)입니다.
     1>_PrepareForClean:
         "Debug\Framework.lastbuildstate" 파일을 삭제하고 있습니다.
       InitializeBuildStatus:
         "AlwaysCreate"이(가) 지정되었기 때문에 "Debug\Framework.unsuccessfulbuild"을(를) 만들고 있습니다.
       ClCompile:
         C:\Program Files (x86)\Microsoft Visual Studio 10.0\VC\bin\CL.exe /c /ZI /nologo /W3 /WX- /Od /Oy- /D WIN32 /D _DEBUG /D _LIB /D _UNICODE /D UNICODE /Gm /EHsc /RTC1 /MDd /GS /fp:precise /Zc:wchar_t /Zc:forScope /Yc"StdAfx.h" /Fp"Debug\Framework.pch" /Fo"Debug\\" /Fd"Debug\vc100.pdb" /Gd /TP /analyze- /errorReport:prompt stdafx.cpp
         stdafx.cpp
         C:\Program Files (x86)\Microsoft Visual Studio 10.0\VC\bin\CL.exe /c /ZI /nologo /W3 /WX- /Od /Oy- /D WIN32 /D _DEBUG /D _LIB /D _UNICODE /D UNICODE /Gm /EHsc /RTC1 /MDd /GS /fp:precise /Zc:wchar_t /Zc:forScope /Yu"StdAfx.h" /Fp"Debug\Framework.pch" /Fo"Debug\\" /Fd"Debug\vc100.pdb" /Gd /TP /analyze- /errorReport:prompt gamemain\GameMain.cpp window\utility.cpp
         utility.cpp
         GameMain.cpp
         코드를 생성하고 있습니다...
       Lib:
         C:\Program Files (x86)\Microsoft Visual Studio 10.0\VC\bin\Lib.exe /OUT:"C:\Users\LG\Documents\GitHub\GameSolution\Debug\Framework.lib" /NOLOGO Debug\GameMain.obj
         Debug\stdafx.obj
         Debug\utility.obj
         Framework.vcxproj -> C:\Users\LG\Documents\GitHub\GameSolution\Debug\Framework.lib
       FinalizeBuildStatus:
         "Debug\Framework.unsuccessfulbuild" 파일을 삭제하고 있습니다.
         "Debug\Framework.lastbuildstate"에 연결(touching)하고 있습니다.
     1>"C:\Users\LG\Documents\GitHub\GameSolution\Framework\Framework.vcxproj" 프로젝트를 빌드했습니다(rebuild 대상).

빌드했습니다.

경과 시간: 00:00:04.34
