C:\USERS\LG\DOCUMENTS\GITHUB\3D-LECTURE\GAME\COMMON\DEBUG\BOX.OBJ
C:\USERS\LG\DOCUMENTS\GITHUB\3D-LECTURE\GAME\COMMON\DEBUG\COMMON.PCH
C:\USERS\LG\DOCUMENTS\GITHUB\3D-LECTURE\GAME\COMMON\DEBUG\MATRIX44.OBJ
C:\USERS\LG\DOCUMENTS\GITHUB\3D-LECTURE\GAME\COMMON\DEBUG\STDAFX.OBJ
C:\USERS\LG\DOCUMENTS\GITHUB\3D-LECTURE\GAME\COMMON\DEBUG\VC100.PDB
C:\USERS\LG\DOCUMENTS\GITHUB\3D-LECTURE\GAME\COMMON\DEBUG\VECTOR3.OBJ
C:\USERS\LG\DOCUMENTS\GITHUB\3D-LECTURE\GAME\COMMON\DEBUG\VECTOR4.OBJ
C:\USERS\LG\DOCUMENTS\GITHUB\3D-LECTURE\GAME\DEBUG\COMMON.LIB
C:\USERS\LG\DOCUMENTS\GITHUB\GAME\GAME\COMMON\DEBUG\BOX.OBJ
C:\Users\LG\Documents\GitHub\Game\Game\Common\Debug\cl.command.1.tlog
C:\Users\LG\Documents\GitHub\Game\Game\Common\Debug\CL.read.1.tlog
C:\Users\LG\Documents\GitHub\Game\Game\Common\Debug\CL.write.1.tlog
C:\USERS\LG\DOCUMENTS\GITHUB\GAME\GAME\COMMON\DEBUG\COMMON.PCH
C:\Users\LG\Documents\GitHub\Game\Game\Common\Debug\Common.vcxprojResolveAssemblyReference.cache
C:\Users\LG\Documents\GitHub\Game\Game\Common\Debug\Common.write.1.tlog
C:\Users\LG\Documents\GitHub\Game\Game\Common\Debug\lib.command.1.tlog
C:\Users\LG\Documents\GitHub\Game\Game\Common\Debug\Lib-link.read.1.tlog
C:\Users\LG\Documents\GitHub\Game\Game\Common\Debug\Lib-link.write.1.tlog
C:\USERS\LG\DOCUMENTS\GITHUB\GAME\GAME\COMMON\DEBUG\MATRIX44.OBJ
C:\USERS\LG\DOCUMENTS\GITHUB\GAME\GAME\COMMON\DEBUG\STDAFX.OBJ
C:\Users\LG\Documents\GitHub\Game\Game\Common\Debug\vc100.idb
C:\USERS\LG\DOCUMENTS\GITHUB\GAME\GAME\COMMON\DEBUG\VC100.PDB
C:\USERS\LG\DOCUMENTS\GITHUB\GAME\GAME\COMMON\DEBUG\VECTOR3.OBJ
C:\USERS\LG\DOCUMENTS\GITHUB\GAME\GAME\COMMON\DEBUG\VECTOR4.OBJ
C:\USERS\LG\DOCUMENTS\GITHUB\GAME\GAME\DEBUG\COMMON.LIB
