빌드 시작: 2014-05-21 오후 12:57:17
     1>2 노드의 "C:\Users\LG\Documents\GitHub\Game\Game\Common\Common.vcxproj" 프로젝트(rebuild 대상)입니다.
     1>_PrepareForClean:
         "Debug\Common.lastbuildstate" 파일을 삭제하고 있습니다.
       InitializeBuildStatus:
         "AlwaysCreate"이(가) 지정되었기 때문에 "Debug\Common.unsuccessfulbuild"을(를) 만들고 있습니다.
       ClCompile:
         C:\Program Files (x86)\Microsoft Visual Studio 10.0\VC\bin\CL.exe /c /ZI /nologo /W3 /WX- /Od /Oy- /D WIN32 /D _DEBUG /D _LIB /D _UNICODE /D UNICODE /Gm /EHsc /RTC1 /MDd /GS /fp:precise /Zc:wchar_t /Zc:forScope /Yc"StdAfx.h" /Fp"Debug\Common.pch" /Fo"Debug\\" /Fd"Debug\vc100.pdb" /Gd /TP /analyze- /errorReport:prompt stdafx.cpp
         stdafx.cpp
         C:\Program Files (x86)\Microsoft Visual Studio 10.0\VC\bin\CL.exe /c /ZI /nologo /W3 /WX- /Od /Oy- /D WIN32 /D _DEBUG /D _LIB /D _UNICODE /D UNICODE /Gm /EHsc /RTC1 /MDd /GS /fp:precise /Zc:wchar_t /Zc:forScope /Yu"StdAfx.h" /Fp"Debug\Common.pch" /Fo"Debug\\" /Fd"Debug\vc100.pdb" /Gd /TP /analyze- /errorReport:prompt math\box.cpp math\matrix44.cpp math\vector3.cpp math\vector4.cpp
         vector4.cpp
         vector3.cpp
         matrix44.cpp
         box.cpp
         코드를 생성하고 있습니다...
       Lib:
         C:\Program Files (x86)\Microsoft Visual Studio 10.0\VC\bin\Lib.exe /OUT:"C:\Users\LG\Documents\GitHub\Game\Game\Debug\Common.lib" /NOLOGO Debug\box.obj
         Debug\matrix44.obj
         Debug\vector3.obj
         Debug\vector4.obj
         Debug\stdafx.obj
         Common.vcxproj -> C:\Users\LG\Documents\GitHub\Game\Game\Debug\Common.lib
       FinalizeBuildStatus:
         "Debug\Common.unsuccessfulbuild" 파일을 삭제하고 있습니다.
         "Debug\Common.lastbuildstate"에 연결(touching)하고 있습니다.
     1>"C:\Users\LG\Documents\GitHub\Game\Game\Common\Common.vcxproj" 프로젝트를 빌드했습니다(rebuild 대상).

빌드했습니다.

경과 시간: 00:00:03.63
