C:\USERS\LG\DOCUMENTS\GITHUB\GAME\GAME\DEBUG\GAMEAPP.EXE
C:\USERS\LG\DOCUMENTS\GITHUB\GAME\GAME\DEBUG\GAMEAPP.ILK
C:\USERS\LG\DOCUMENTS\GITHUB\GAME\GAME\DEBUG\GAMEAPP.PDB
C:\Users\LG\Documents\GitHub\Game\Game\GameApp\Debug\cl.command.1.tlog
C:\Users\LG\Documents\GitHub\Game\Game\GameApp\Debug\CL.read.1.tlog
C:\Users\LG\Documents\GitHub\Game\Game\GameApp\Debug\CL.write.1.tlog
C:\USERS\LG\DOCUMENTS\GITHUB\GAME\GAME\GAMEAPP\DEBUG\GAMEAPP.EXE.EMBED.MANIFEST
C:\USERS\LG\DOCUMENTS\GITHUB\GAME\GAME\GAMEAPP\DEBUG\GAMEAPP.EXE.EMBED.MANIFEST.RES
C:\USERS\LG\DOCUMENTS\GITHUB\GAME\GAME\GAMEAPP\DEBUG\GAMEAPP.EXE.INTERMEDIATE.MANIFEST
C:\USERS\LG\DOCUMENTS\GITHUB\GAME\GAME\GAMEAPP\DEBUG\GAMEAPP.OBJ
C:\USERS\LG\DOCUMENTS\GITHUB\GAME\GAME\GAMEAPP\DEBUG\GAMEAPP.PCH
C:\Users\LG\Documents\GitHub\Game\Game\GameApp\Debug\GameApp.write.1.tlog
C:\Users\LG\Documents\GitHub\Game\Game\GameApp\Debug\GameApp_manifest.rc
C:\Users\LG\Documents\GitHub\Game\Game\GameApp\Debug\link.command.1.tlog
C:\Users\LG\Documents\GitHub\Game\Game\GameApp\Debug\link.read.1.tlog
C:\Users\LG\Documents\GitHub\Game\Game\GameApp\Debug\link.write.1.tlog
C:\Users\LG\Documents\GitHub\Game\Game\GameApp\Debug\link-cvtres.read.1.tlog
C:\Users\LG\Documents\GitHub\Game\Game\GameApp\Debug\link-cvtres.write.1.tlog
C:\Users\LG\Documents\GitHub\Game\Game\GameApp\Debug\mt.command.1.tlog
C:\Users\LG\Documents\GitHub\Game\Game\GameApp\Debug\mt.read.1.tlog
C:\Users\LG\Documents\GitHub\Game\Game\GameApp\Debug\mt.write.1.tlog
C:\Users\LG\Documents\GitHub\Game\Game\GameApp\Debug\rc.command.1.tlog
C:\Users\LG\Documents\GitHub\Game\Game\GameApp\Debug\rc.read.1.tlog
C:\Users\LG\Documents\GitHub\Game\Game\GameApp\Debug\rc.write.1.tlog
C:\USERS\LG\DOCUMENTS\GITHUB\GAME\GAME\GAMEAPP\DEBUG\STDAFX.OBJ
C:\Users\LG\Documents\GitHub\Game\Game\GameApp\Debug\vc100.idb
C:\USERS\LG\DOCUMENTS\GITHUB\GAME\GAME\GAMEAPP\DEBUG\VC100.PDB
